2025-02-18 12:36:14,690 - INFO - Starting up the server...
2025-02-18 12:36:15,070 - INFO - Model loaded
2025-02-18 12:36:15,282 - INFO - Feature extractor loaded
2025-02-18 12:36:33,493 - INFO - Received data: cpm=0 hour_start=0 hour_end=0 publishers='string' audience_size=0 user_ids='string'
2025-02-18 12:36:33,494 - ERROR - Internal server error: If using all scalar values, you must pass an index
Traceback (most recent call last):
  File "S:\Projects\Новая папка\VK_LL_2025\server\server.py", line 52, in predict
    data_df = pd.DataFrame(data.model_dump())
              ^^^^^^^^^^^^^^^^^^^^^^^^^^^^^^^
  File "C:\python311\Lib\site-packages\pandas\core\frame.py", line 778, in __init__
    mgr = dict_to_mgr(data, index, columns, dtype=dtype, copy=copy, typ=manager)
          ^^^^^^^^^^^^^^^^^^^^^^^^^^^^^^^^^^^^^^^^^^^^^^^^^^^^^^^^^^^^^^^^^^^^^^
  File "C:\python311\Lib\site-packages\pandas\core\internals\construction.py", line 503, in dict_to_mgr
    return arrays_to_mgr(arrays, columns, index, dtype=dtype, typ=typ, consolidate=copy)
           ^^^^^^^^^^^^^^^^^^^^^^^^^^^^^^^^^^^^^^^^^^^^^^^^^^^^^^^^^^^^^^^^^^^^^^^^^^^^^
  File "C:\python311\Lib\site-packages\pandas\core\internals\construction.py", line 114, in arrays_to_mgr
    index = _extract_index(arrays)
            ^^^^^^^^^^^^^^^^^^^^^^
  File "C:\python311\Lib\site-packages\pandas\core\internals\construction.py", line 667, in _extract_index
    raise ValueError("If using all scalar values, you must pass an index")
ValueError: If using all scalar values, you must pass an index
2025-02-18 12:37:12,888 - INFO - Received data: cpm=10 hour_start=1 hour_end=2 publishers='1, 2, 3' audience_size=1 user_ids='1, 2, 3'
2025-02-18 12:37:12,889 - ERROR - Internal server error: If using all scalar values, you must pass an index
Traceback (most recent call last):
  File "S:\Projects\Новая папка\VK_LL_2025\server\server.py", line 52, in predict
    data_df = pd.DataFrame(data.model_dump())
              ^^^^^^^^^^^^^^^^^^^^^^^^^^^^^^^
  File "C:\python311\Lib\site-packages\pandas\core\frame.py", line 778, in __init__
    mgr = dict_to_mgr(data, index, columns, dtype=dtype, copy=copy, typ=manager)
          ^^^^^^^^^^^^^^^^^^^^^^^^^^^^^^^^^^^^^^^^^^^^^^^^^^^^^^^^^^^^^^^^^^^^^^
  File "C:\python311\Lib\site-packages\pandas\core\internals\construction.py", line 503, in dict_to_mgr
    return arrays_to_mgr(arrays, columns, index, dtype=dtype, typ=typ, consolidate=copy)
           ^^^^^^^^^^^^^^^^^^^^^^^^^^^^^^^^^^^^^^^^^^^^^^^^^^^^^^^^^^^^^^^^^^^^^^^^^^^^^
  File "C:\python311\Lib\site-packages\pandas\core\internals\construction.py", line 114, in arrays_to_mgr
    index = _extract_index(arrays)
            ^^^^^^^^^^^^^^^^^^^^^^
  File "C:\python311\Lib\site-packages\pandas\core\internals\construction.py", line 667, in _extract_index
    raise ValueError("If using all scalar values, you must pass an index")
ValueError: If using all scalar values, you must pass an index
2025-02-18 12:38:53,802 - INFO - Shutting down the server...
2025-02-18 12:39:18,931 - INFO - Starting up the server...
2025-02-18 12:39:19,296 - INFO - Model loaded
2025-02-18 12:39:19,513 - INFO - Feature extractor loaded
2025-02-18 12:39:23,293 - INFO - Received data: cpm=10 hour_start=1 hour_end=2 publishers='1, 2, 3' audience_size=1 user_ids='1, 2, 3'
2025-02-18 12:39:23,323 - ERROR - Internal server error: only integers, slices (`:`), ellipsis (`...`), numpy.newaxis (`None`) and integer or boolean arrays are valid indices
Traceback (most recent call last):
  File "S:\Projects\Новая папка\VK_LL_2025\server\server.py", line 58, in predict
    at_least_one=prediction['at_least_one'],
                 ~~~~~~~~~~^^^^^^^^^^^^^^^^
IndexError: only integers, slices (`:`), ellipsis (`...`), numpy.newaxis (`None`) and integer or boolean arrays are valid indices
2025-02-18 12:39:25,098 - INFO - Received data: cpm=10 hour_start=1 hour_end=2 publishers='1, 2, 3' audience_size=1 user_ids='1, 2, 3'
2025-02-18 12:39:25,112 - ERROR - Internal server error: only integers, slices (`:`), ellipsis (`...`), numpy.newaxis (`None`) and integer or boolean arrays are valid indices
Traceback (most recent call last):
  File "S:\Projects\Новая папка\VK_LL_2025\server\server.py", line 58, in predict
    at_least_one=prediction['at_least_one'],
                 ~~~~~~~~~~^^^^^^^^^^^^^^^^
IndexError: only integers, slices (`:`), ellipsis (`...`), numpy.newaxis (`None`) and integer or boolean arrays are valid indices
2025-02-18 12:40:00,318 - INFO - Shutting down the server...
2025-02-18 12:40:01,073 - INFO - Starting up the server...
2025-02-18 12:40:01,460 - INFO - Model loaded
2025-02-18 12:40:01,666 - INFO - Feature extractor loaded
2025-02-18 12:40:04,164 - INFO - Received data: cpm=10 hour_start=1 hour_end=2 publishers='1, 2, 3' audience_size=1 user_ids='1, 2, 3'
2025-02-18 12:40:04,180 - ERROR - Internal server error: only integers, slices (`:`), ellipsis (`...`), numpy.newaxis (`None`) and integer or boolean arrays are valid indices
Traceback (most recent call last):
  File "S:\Projects\Новая папка\VK_LL_2025\server\server.py", line 58, in predict
    at_least_one=prediction['at_least_one'],
                 ~~~~~~~~~~^^^^^^^^^^^^^^^^
IndexError: only integers, slices (`:`), ellipsis (`...`), numpy.newaxis (`None`) and integer or boolean arrays are valid indices
2025-02-18 12:40:18,609 - INFO - Shutting down the server...
2025-02-18 12:40:20,961 - INFO - Starting up the server...
2025-02-18 12:40:21,370 - INFO - Model loaded
2025-02-18 12:40:21,584 - INFO - Feature extractor loaded
2025-02-18 12:40:25,804 - INFO - Received data: cpm=10 hour_start=1 hour_end=2 publishers='1, 2, 3' audience_size=1 user_ids='1, 2, 3'
2025-02-18 12:40:25,821 - ERROR - Internal server error: only integers, slices (`:`), ellipsis (`...`), numpy.newaxis (`None`) and integer or boolean arrays are valid indices
Traceback (most recent call last):
  File "S:\Projects\Новая папка\VK_LL_2025\server\server.py", line 58, in predict
    at_least_one=prediction['at_least_one'],
                 ~~~~~~~~~~^^^^^^^^^^^^^^^^
IndexError: only integers, slices (`:`), ellipsis (`...`), numpy.newaxis (`None`) and integer or boolean arrays are valid indices
2025-02-18 12:42:07,274 - INFO - Shutting down the server...
2025-02-18 12:42:08,109 - INFO - Starting up the server...
2025-02-18 12:42:08,517 - INFO - Model loaded
2025-02-18 12:42:08,748 - INFO - Feature extractor loaded
2025-02-18 12:42:10,313 - INFO - Received data: cpm=10 hour_start=1 hour_end=2 publishers='1, 2, 3' audience_size=1 user_ids='1, 2, 3'
2025-02-18 12:42:10,329 - ERROR - Internal server error: index 1 is out of bounds for axis 0 with size 1
Traceback (most recent call last):
  File "S:\Projects\Новая папка\VK_LL_2025\server\server.py", line 59, in predict
    at_least_two=prediction[1],
                 ~~~~~~~~~~^^^
IndexError: index 1 is out of bounds for axis 0 with size 1
2025-02-18 12:42:44,000 - INFO - Shutting down the server...
2025-02-18 12:42:44,856 - INFO - Starting up the server...
2025-02-18 12:42:45,240 - INFO - Model loaded
2025-02-18 12:42:45,464 - INFO - Feature extractor loaded
2025-02-18 12:42:46,524 - INFO - Received data: cpm=10 hour_start=1 hour_end=2 publishers='1, 2, 3' audience_size=1 user_ids='1, 2, 3'
2025-02-18 12:42:46,541 - INFO - Prediction: [[0.47666737 0.35318208 0.28129783]]
2025-02-18 12:42:46,541 - ERROR - Internal server error: index 1 is out of bounds for axis 0 with size 1
Traceback (most recent call last):
  File "S:\Projects\Новая папка\VK_LL_2025\server\server.py", line 60, in predict
    at_least_two=prediction[1],
                 ~~~~~~~~~~^^^
IndexError: index 1 is out of bounds for axis 0 with size 1
2025-02-18 12:44:11,934 - INFO - Shutting down the server...
2025-02-18 12:44:12,741 - INFO - Starting up the server...
2025-02-18 12:44:13,122 - INFO - Model loaded
2025-02-18 12:44:13,350 - INFO - Feature extractor loaded
2025-02-18 12:44:15,280 - INFO - Received data: cpm=10 hour_start=1 hour_end=2 publishers='1, 2, 3' audience_size=1 user_ids='1, 2, 3'
2025-02-18 12:44:15,296 - INFO - Prediction: [[0.47666737 0.35318208 0.28129783]]
2025-02-18 12:44:15,297 - INFO - Sending response: at_least_one=0.4766673743724823 at_least_two=0.3531820774078369 at_least_three=0.28129783272743225
2025-02-18 12:44:33,197 - INFO - Received data: cpm=10 hour_start=1 hour_end=2 publishers='1, 2, 3' audience_size=1 user_ids='1, 2, 3'
2025-02-18 12:44:33,214 - INFO - Prediction: [[0.47666737 0.35318208 0.28129783]]
2025-02-18 12:44:33,214 - INFO - Sending response: at_least_one=0.4766673743724823 at_least_two=0.3531820774078369 at_least_three=0.28129783272743225
2025-02-18 12:44:39,088 - INFO - Received data: cpm=100 hour_start=1 hour_end=2 publishers='1, 2, 3' audience_size=1 user_ids='1, 2, 3'
2025-02-18 12:44:39,102 - INFO - Prediction: [[0.47666737 0.35318208 0.28129783]]
2025-02-18 12:44:39,102 - INFO - Sending response: at_least_one=0.4766673743724823 at_least_two=0.3531820774078369 at_least_three=0.28129783272743225
2025-02-18 12:45:06,808 - INFO - Received data: cpm=100 hour_start=1 hour_end=2 publishers='1, 2, 3' audience_size=3 user_ids='1, 2, 3'
2025-02-18 12:45:06,823 - INFO - Prediction: [[0.47666737 0.35318208 0.28129783]]
2025-02-18 12:45:06,823 - INFO - Sending response: at_least_one=0.4766673743724823 at_least_two=0.3531820774078369 at_least_three=0.28129783272743225
2025-02-18 12:45:35,502 - INFO - Received data: cpm=100 hour_start=1 hour_end=20 publishers='1, 2, 3' audience_size=3 user_ids='1, 2, 3'
2025-02-18 12:45:35,517 - INFO - Prediction: [[0.42412323 0.33723307 0.32308975]]
2025-02-18 12:45:35,517 - INFO - Sending response: at_least_one=0.42412322759628296 at_least_two=0.3372330665588379 at_least_three=0.32308974862098694
2025-02-18 12:47:22,351 - INFO - Received data: cpm=220 hour_start=1058 hour_end=1153 publishers='7, 17' audience_size=1906 user_ids='12,44,46,50,58,71,93,122,134,143,176,184,187,194,209,238,242,255,257,274,284,305,312,329,339,345,351,355,359,367,376,382,410,427,465,506,513,521,524,527,531,539,552,563,568,575,576,583,585,638,662,672,703,729,736,752,759,780,816,870,891,910,914,919,928,930,935,952,954,967,989,991,994,1094,1110,1117,1124,1189,1197,1200,1215,1217,1218,1231,1249,1275,1276,1278,1284,1292,1300,1303,1311,1318,1319,1334,1347,1356,1359,1364,1384,1392,1394,1405,1440,1442,1450,1455,1457,1462,1467,1476,1494,1545,1573,1584,1597,1640,1658,1662,1667,1668,1673,1687,1699,1734,1749,1756,1775,1787,1793,1799,1802,1805,1811,1825,1841,1847,1865,1870,1883,1890,1913,1918,1929,1938,1939,1966,1997,1998,2019,2023,2067,2108,2109,2137,2153,2155,2190,2194,2203,2235,2252,2271,2282,2322,2331,2333,2337,2351,2357,2409,2439,2454,2499,2516,2546,2563,2596,2600,2614,2629,2630,2632,2654,2658,2673,2691,2692,2697,2699,2715,2721,2746,2753,2772,2773,2825,2829,2835,2847,2859,2866,2878,2890,2897,2909,2910,2932,2965,2969,2974,2978,2994,3008,3030,3032,3039,3054,3093,3098,3106,3110,3130,3141,3148,3176,3178,3201,3203,3205,3206,3211,3218,3226,3250,3251,3272,3290,3310,3313,3325,3354,3388,3390,3408,3418,3425,3460,3468,3480,3484,3522,3532,3535,3542,3555,3556,3581,3607,3627,3645,3670,3680,3689,3703,3708,3726,3735,3761,3771,3791,3810,3816,3826,3839,3873,3877,3934,3957,3973,4002,4017,4027,4101,4138,4170,4195,4199,4200,4207,4237,4265,4272,4273,4275,4293,4314,4318,4322,4344,4366,4398,4414,4421,4423,4431,4441,4457,4468,4474,4516,4523,4526,4527,4530,4533,4538,4539,4568,4591,4609,4612,4624,4627,4633,4639,4653,4668,4681,4698,4711,4722,4732,4760,4775,4787,4790,4793,4807,4818,4823,4828,4844,4885,4903,4908,4946,4953,4954,4965,5004,5006,5016,5021,5032,5056,5062,5065,5079,5126,5128,5135,5167,5180,5184,5201,5218,5258,5263,5293,5298,5349,5362,5363,5364,5376,5406,5422,5430,5433,5449,5456,5507,5514,5515,5518,5541,5545,5561,5601,5639,5675,5683,5684,5698,5712,5743,5747,5748,5752,5757,5765,5771,5776,5805,5806,5807,5817,5819,5832,5888,5893,5897,5900,5919,5924,5925,5931,5935,5936,5938,5946,5962,5975,6048,6073,6075,6088,6097,6101,6107,6128,6133,6135,6136,6141,6170,6199,6204,6214,6215,6224,6226,6228,6238,6269,6293,6307,6314,6318,6346,6350,6354,6396,6411,6412,6417,6430,6432,6438,6441,6451,6452,6457,6468,6475,6478,6488,6509,6536,6548,6549,6550,6555,6576,6579,6589,6595,6637,6643,6647,6684,6688,6697,6710,6713,6724,6755,6767,6770,6775,6805,6820,6825,6830,6862,6863,6886,6900,6903,6921,6950,6976,7004,7013,7034,7039,7054,7092,7125,7138,7179,7185,7186,7190,7241,7246,7247,7260,7264,7267,7286,7287,7292,7332,7344,7349,7374,7396,7415,7425,7429,7435,7450,7453,7455,7460,7465,7466,7471,7498,7515,7549,7584,7609,7618,7623,7624,7644,7655,7676,7684,7701,7720,7726,7727,7754,7786,7791,7796,7804,7815,7818,7826,7829,7835,7893,7903,7929,7968,8002,8003,8040,8055,8059,8077,8086,8098,8099,8106,8118,8130,8149,8160,8168,8220,8221,8227,8229,8232,8273,8282,8300,8304,8313,8318,8323,8335,8339,8365,8379,8380,8427,8436,8459,8462,8466,8469,8476,8478,8500,8503,8505,8522,8529,8534,8540,8567,8576,8592,8597,8599,8632,8644,8658,8680,8682,8691,8734,8744,8766,8768,8791,8796,8797,8799,8819,8823,8838,8846,8847,8852,8855,8862,8863,8868,8887,8911,8975,8993,8995,8997,9047,9070,9121,9136,9164,9166,9178,9182,9201,9205,9207,9213,9234,9249,9256,9303,9339,9353,9358,9376,9402,9405,9420,9462,9465,9513,9545,9550,9574,9584,9611,9626,9630,9639,9654,9655,9663,9669,9705,9713,9732,9737,9748,9769,9770,9818,9833,9840,9843,9854,9856,9869,9870,9878,9892,9895,9900,9933,9963,9964,9987,10005,10041,10043,10064,10069,10086,10118,10158,10159,10166,10167,10175,10178,10186,10189,10196,10198,10277,10279,10285,10292,10295,10305,10313,10323,10328,10341,10358,10362,10374,10381,10387,10417,10420,10422,10427,10434,10446,10465,10485,10501,10506,10508,10531,10533,10582,10584,10607,10615,10617,10629,10678,10685,10690,10716,10738,10757,10762,10763,10769,10799,10831,10834,10883,10885,10902,10916,10926,10989,10996,11009,11022,11090,11106,11200,11258,11266,11284,11286,11299,11341,11342,11347,11405,11424,11433,11474,11481,11527,11533,11554,11557,11565,11599,11602,11613,11616,11626,11644,11653,11683,11695,11703,11711,11726,11755,11761,11781,11782,11805,11814,11824,11841,11848,11869,11884,11893,11920,11923,11925,11931,11936,11949,11954,11959,11961,11995,11999,12047,12058,12082,12125,12144,12154,12180,12183,12185,12218,12257,12302,12310,12361,12362,12363,12365,12372,12402,12420,12424,12440,12447,12509,12520,12525,12529,12548,12574,12576,12604,12627,12642,12650,12651,12652,12716,12726,12730,12745,12782,12783,12787,12795,12801,12806,12816,12827,12835,12856,12865,12871,12874,12896,12902,12921,12931,12946,12973,12987,12991,12994,13081,13086,13105,13111,13139,13153,13162,13173,13235,13240,13274,13279,13282,13285,13300,13301,13304,13318,13321,13324,13336,13357,13358,13366,13375,13379,13393,13396,13428,13451,13476,13477,13486,13493,13545,13566,13568,13583,13585,13601,13611,13653,13654,13664,13682,13691,13735,13769,13770,13775,13781,13837,13850,13859,13876,13877,13885,13920,13927,13944,13959,13960,13966,13967,13971,13999,14018,14030,14043,14048,14064,14078,14080,14082,14092,14094,14095,14099,14146,14154,14159,14185,14188,14212,14228,14255,14259,14281,14288,14295,14306,14323,14339,14359,14360,14368,14371,14380,14387,14405,14407,14430,14440,14449,14466,14473,14496,14499,14509,14514,14522,14528,14546,14551,14573,14586,14611,14626,14648,14661,14665,14675,14710,14727,14733,14736,14764,14784,14815,14821,14826,14846,14859,14874,14875,14904,14911,14912,14929,14944,14947,14980,14992,14998,15041,15051,15052,15060,15083,15089,15106,15116,15125,15128,15131,15169,15200,15212,15224,15229,15231,15233,15242,15258,15262,15299,15317,15348,15370,15394,15404,15413,15420,15448,15461,15470,15482,15489,15514,15547,15589,15611,15635,15671,15676,15679,15685,15699,15730,15734,15743,15747,15758,15762,15763,15768,15795,15831,15860,15873,15880,15889,15890,15901,15913,15926,15927,15928,15934,15970,16013,16028,16046,16048,16092,16093,16095,16111,16128,16144,16151,16168,16171,16231,16235,16275,16280,16289,16292,16324,16331,16332,16359,16371,16394,16418,16442,16452,16455,16490,16533,16549,16568,16571,16589,16606,16621,16628,16646,16659,16668,16669,16688,16703,16713,16730,16741,16747,16748,16779,16833,16858,16863,16866,16884,16886,16893,16926,16945,16965,16973,16986,17002,17062,17088,17179,17183,17214,17225,17238,17242,17252,17264,17291,17314,17316,17378,17387,17403,17425,17441,17447,17464,17472,17482,17549,17556,17578,17609,17625,17628,17656,17692,17740,17742,17749,17762,17805,17830,17900,17927,17929,17944,17970,17985,17992,18005,18007,18009,18014,18042,18044,18047,18059,18075,18083,18108,18111,18114,18124,18143,18145,18165,18188,18207,18209,18214,18218,18221,18251,18304,18305,18313,18321,18327,18333,18334,18348,18377,18380,18394,18458,18464,18473,18496,18510,18514,18522,18526,18577,18578,18579,18588,18612,18614,18618,18635,18641,18646,18648,18660,18671,18701,18727,18731,18732,18768,18815,18829,18831,18833,18853,18870,18875,18909,18917,18947,18954,18962,18984,19019,19044,19053,19058,19060,19082,19099,19107,19109,19116,19133,19156,19157,19166,19175,19191,19203,19245,19260,19276,19278,19302,19303,19309,19310,19316,19332,19343,19359,19364,19369,19372,19373,19379,19419,19442,19498,19500,19503,19577,19594,19601,19604,19606,19617,19627,19632,19651,19658,19678,19681,19685,19688,19696,19713,19718,19737,19738,19751,19771,19775,19781,19789,19805,19806,19814,19833,19892,19897,19901,19902,19914,19932,19934,19977,20025,20035,20068,20115,20125,20192,20212,20219,20224,20237,20284,20291,20296,20305,20331,20332,20339,20341,20348,20367,20377,20382,20384,20401,20408,20413,20427,20428,20455,20483,20494,20497,20512,20527,20532,20538,20556,20563,20568,20570,20611,20627,20631,20661,20667,20674,20740,20762,20766,20770,20772,20781,20791,20799,20813,20827,20837,20845,20862,20866,20870,20900,20904,20906,20923,20928,20934,20940,20958,20966,21001,21028,21037,21048,21051,21056,21058,21082,21091,21094,21110,21136,21143,21210,21211,21231,21235,21239,21242,21255,21266,21279,21289,21304,21311,21312,21317,21324,21329,21341,21350,21378,21389,21396,21401,21417,21418,21426,21432,21436,21453,21470,21482,21483,21496,21511,21517,21528,21566,21577,21590,21629,21646,21659,21670,21676,21697,21711,21723,21725,21733,21734,21741,21747,21749,21757,21784,21807,21839,21848,21853,21876,21885,21888,21891,21899,21903,21907,21924,21926,21927,21929,22001,22020,22029,22037,22093,22123,22129,22136,22144,22150,22159,22184,22221,22224,22238,22240,22244,22269,22289,22290,22318,22345,22349,22376,22401,22404,22418,22423,22451,22462,22463,22469,22475,22476,22488,22490,22499,22501,22525,22526,22545,22559,22570,22581,22583,22585,22592,22598,22610,22658,22663,22670,22685,22721,22723,22724,22733,22734,22752,22769,22770,22783,22791,22801,22802,22807,22812,22863,22874,22879,22900,22924,22960,22981,22990,22997,23004,23018,23027,23028,23029,23032,23034,23063,23076,23077,23083,23124,23127,23132,23149,23214,23218,23238,23269,23277,23302,23333,23349,23357,23371,23380,23400,23402,23448,23449,23470,23476,23484,23490,23524,23541,23554,23577,23580,23583,23593,23604,23645,23649,23654,23670,23705,23711,23731,23733,23740,23742,23753,23775,23783,23802,23811,23844,23846,23862,23903,23955,23965,23975,23989,23998,24008,24014,24023,24024,24027,24035,24062,24074,24079,24087,24109,24123,24134,24164,24165,24191,24194,24201,24204,24214,24229,24248,24282,24283,24295,24326,24327,24341,24350,24369,24380,24387,24390,24393,24423,24448,24470,24493,24500,24514,24560,24570,24584,24629,24647,24665,24714,24737,24748,24763,24805,24825,24832,24851,24867,24870,24878,24926,24933,24940,24946,24948,24949,24952,24959,24966,24988,24996,25029,25047,25136,25141,25145,25147,25175,25178,25197,25204,25209,25233,25239,25253,25263,25268,25269,25279,25280,25289,25319,25350,25360,25364,25412,25426,25450,25453,25464,25474,25481,25487,25522,25547,25554,25555,25575,25586,25615,25628,25638,25671,25676,25677,25705,25742,25795,25811,25815,25830,25832,25836,25846,25850,25863,25880,25886,25891,25898,25916,25942,25949,25961,25988,26002,26016,26070,26071,26085,26105,26113,26135,26148,26162,26168,26170,26178,26182,26210,26243,26291,26294,26317,26324,26342,26367,26372,26382,26388,26415,26421,26435,26439,26445,26469,26509,26519,26570,26582,26587,26615,26629,26644,26658,26690,26715,26731,26760,26761,26763,26766,26786,26853,26855,26874,26880,26904,26907,26910,26911,26929,26937,26950,26951,26972,26975,27000,27013,27028,27035,27064,27083,27113,27142,27149,27192,27197,27213,27221,27237,27284,27292,27297,27307,27312,27322,27335,27338,27345,27349,27373,27379,27410,27418,27419,27431,27450,27469,27477,27482,27485,27539,27557,27575,27579,27609,27619,27625,27627,27635,27656,27671,27684,27738,27754'
2025-02-18 12:47:22,783 - INFO - Prediction: [[0.12733348 0.11774755 0.15434848]]
2025-02-18 12:47:22,783 - INFO - Sending response: at_least_one=0.12733347713947296 at_least_two=0.11774755269289017 at_least_three=0.1543484777212143
2025-02-18 12:52:10,985 - INFO - Shutting down the server...
2025-02-18 13:06:51,022 - INFO - Starting up the server...
2025-02-18 13:06:51,445 - INFO - Model loaded
2025-02-18 13:06:51,662 - INFO - Feature extractor loaded
2025-02-18 13:06:56,674 - INFO - Received data: cpm=220 hour_start=1058 hour_end=1153 publishers='7, 17' audience_size=1906 user_ids='12,44,46,50,58,71,93,122,134,143,176,184,187,194,209,238,242,255,257,274,284,305,312,329,339,345,351,355,359,367,376,382,410,427,465,506,513,521,524,527,531,539,552,563,568,575,576,583,585,638,662,672,703,729,736,752,759,780,816,870,891,910,914,919,928,930,935,952,954,967,989,991,994,1094,1110,1117,1124,1189,1197,1200,1215,1217,1218,1231,1249,1275,1276,1278,1284,1292,1300,1303,1311,1318,1319,1334,1347,1356,1359,1364,1384,1392,1394,1405,1440,1442,1450,1455,1457,1462,1467,1476,1494,1545,1573,1584,1597,1640,1658,1662,1667,1668,1673,1687,1699,1734,1749,1756,1775,1787,1793,1799,1802,1805,1811,1825,1841,1847,1865,1870,1883,1890,1913,1918,1929,1938,1939,1966,1997,1998,2019,2023,2067,2108,2109,2137,2153,2155,2190,2194,2203,2235,2252,2271,2282,2322,2331,2333,2337,2351,2357,2409,2439,2454,2499,2516,2546,2563,2596,2600,2614,2629,2630,2632,2654,2658,2673,2691,2692,2697,2699,2715,2721,2746,2753,2772,2773,2825,2829,2835,2847,2859,2866,2878,2890,2897,2909,2910,2932,2965,2969,2974,2978,2994,3008,3030,3032,3039,3054,3093,3098,3106,3110,3130,3141,3148,3176,3178,3201,3203,3205,3206,3211,3218,3226,3250,3251,3272,3290,3310,3313,3325,3354,3388,3390,3408,3418,3425,3460,3468,3480,3484,3522,3532,3535,3542,3555,3556,3581,3607,3627,3645,3670,3680,3689,3703,3708,3726,3735,3761,3771,3791,3810,3816,3826,3839,3873,3877,3934,3957,3973,4002,4017,4027,4101,4138,4170,4195,4199,4200,4207,4237,4265,4272,4273,4275,4293,4314,4318,4322,4344,4366,4398,4414,4421,4423,4431,4441,4457,4468,4474,4516,4523,4526,4527,4530,4533,4538,4539,4568,4591,4609,4612,4624,4627,4633,4639,4653,4668,4681,4698,4711,4722,4732,4760,4775,4787,4790,4793,4807,4818,4823,4828,4844,4885,4903,4908,4946,4953,4954,4965,5004,5006,5016,5021,5032,5056,5062,5065,5079,5126,5128,5135,5167,5180,5184,5201,5218,5258,5263,5293,5298,5349,5362,5363,5364,5376,5406,5422,5430,5433,5449,5456,5507,5514,5515,5518,5541,5545,5561,5601,5639,5675,5683,5684,5698,5712,5743,5747,5748,5752,5757,5765,5771,5776,5805,5806,5807,5817,5819,5832,5888,5893,5897,5900,5919,5924,5925,5931,5935,5936,5938,5946,5962,5975,6048,6073,6075,6088,6097,6101,6107,6128,6133,6135,6136,6141,6170,6199,6204,6214,6215,6224,6226,6228,6238,6269,6293,6307,6314,6318,6346,6350,6354,6396,6411,6412,6417,6430,6432,6438,6441,6451,6452,6457,6468,6475,6478,6488,6509,6536,6548,6549,6550,6555,6576,6579,6589,6595,6637,6643,6647,6684,6688,6697,6710,6713,6724,6755,6767,6770,6775,6805,6820,6825,6830,6862,6863,6886,6900,6903,6921,6950,6976,7004,7013,7034,7039,7054,7092,7125,7138,7179,7185,7186,7190,7241,7246,7247,7260,7264,7267,7286,7287,7292,7332,7344,7349,7374,7396,7415,7425,7429,7435,7450,7453,7455,7460,7465,7466,7471,7498,7515,7549,7584,7609,7618,7623,7624,7644,7655,7676,7684,7701,7720,7726,7727,7754,7786,7791,7796,7804,7815,7818,7826,7829,7835,7893,7903,7929,7968,8002,8003,8040,8055,8059,8077,8086,8098,8099,8106,8118,8130,8149,8160,8168,8220,8221,8227,8229,8232,8273,8282,8300,8304,8313,8318,8323,8335,8339,8365,8379,8380,8427,8436,8459,8462,8466,8469,8476,8478,8500,8503,8505,8522,8529,8534,8540,8567,8576,8592,8597,8599,8632,8644,8658,8680,8682,8691,8734,8744,8766,8768,8791,8796,8797,8799,8819,8823,8838,8846,8847,8852,8855,8862,8863,8868,8887,8911,8975,8993,8995,8997,9047,9070,9121,9136,9164,9166,9178,9182,9201,9205,9207,9213,9234,9249,9256,9303,9339,9353,9358,9376,9402,9405,9420,9462,9465,9513,9545,9550,9574,9584,9611,9626,9630,9639,9654,9655,9663,9669,9705,9713,9732,9737,9748,9769,9770,9818,9833,9840,9843,9854,9856,9869,9870,9878,9892,9895,9900,9933,9963,9964,9987,10005,10041,10043,10064,10069,10086,10118,10158,10159,10166,10167,10175,10178,10186,10189,10196,10198,10277,10279,10285,10292,10295,10305,10313,10323,10328,10341,10358,10362,10374,10381,10387,10417,10420,10422,10427,10434,10446,10465,10485,10501,10506,10508,10531,10533,10582,10584,10607,10615,10617,10629,10678,10685,10690,10716,10738,10757,10762,10763,10769,10799,10831,10834,10883,10885,10902,10916,10926,10989,10996,11009,11022,11090,11106,11200,11258,11266,11284,11286,11299,11341,11342,11347,11405,11424,11433,11474,11481,11527,11533,11554,11557,11565,11599,11602,11613,11616,11626,11644,11653,11683,11695,11703,11711,11726,11755,11761,11781,11782,11805,11814,11824,11841,11848,11869,11884,11893,11920,11923,11925,11931,11936,11949,11954,11959,11961,11995,11999,12047,12058,12082,12125,12144,12154,12180,12183,12185,12218,12257,12302,12310,12361,12362,12363,12365,12372,12402,12420,12424,12440,12447,12509,12520,12525,12529,12548,12574,12576,12604,12627,12642,12650,12651,12652,12716,12726,12730,12745,12782,12783,12787,12795,12801,12806,12816,12827,12835,12856,12865,12871,12874,12896,12902,12921,12931,12946,12973,12987,12991,12994,13081,13086,13105,13111,13139,13153,13162,13173,13235,13240,13274,13279,13282,13285,13300,13301,13304,13318,13321,13324,13336,13357,13358,13366,13375,13379,13393,13396,13428,13451,13476,13477,13486,13493,13545,13566,13568,13583,13585,13601,13611,13653,13654,13664,13682,13691,13735,13769,13770,13775,13781,13837,13850,13859,13876,13877,13885,13920,13927,13944,13959,13960,13966,13967,13971,13999,14018,14030,14043,14048,14064,14078,14080,14082,14092,14094,14095,14099,14146,14154,14159,14185,14188,14212,14228,14255,14259,14281,14288,14295,14306,14323,14339,14359,14360,14368,14371,14380,14387,14405,14407,14430,14440,14449,14466,14473,14496,14499,14509,14514,14522,14528,14546,14551,14573,14586,14611,14626,14648,14661,14665,14675,14710,14727,14733,14736,14764,14784,14815,14821,14826,14846,14859,14874,14875,14904,14911,14912,14929,14944,14947,14980,14992,14998,15041,15051,15052,15060,15083,15089,15106,15116,15125,15128,15131,15169,15200,15212,15224,15229,15231,15233,15242,15258,15262,15299,15317,15348,15370,15394,15404,15413,15420,15448,15461,15470,15482,15489,15514,15547,15589,15611,15635,15671,15676,15679,15685,15699,15730,15734,15743,15747,15758,15762,15763,15768,15795,15831,15860,15873,15880,15889,15890,15901,15913,15926,15927,15928,15934,15970,16013,16028,16046,16048,16092,16093,16095,16111,16128,16144,16151,16168,16171,16231,16235,16275,16280,16289,16292,16324,16331,16332,16359,16371,16394,16418,16442,16452,16455,16490,16533,16549,16568,16571,16589,16606,16621,16628,16646,16659,16668,16669,16688,16703,16713,16730,16741,16747,16748,16779,16833,16858,16863,16866,16884,16886,16893,16926,16945,16965,16973,16986,17002,17062,17088,17179,17183,17214,17225,17238,17242,17252,17264,17291,17314,17316,17378,17387,17403,17425,17441,17447,17464,17472,17482,17549,17556,17578,17609,17625,17628,17656,17692,17740,17742,17749,17762,17805,17830,17900,17927,17929,17944,17970,17985,17992,18005,18007,18009,18014,18042,18044,18047,18059,18075,18083,18108,18111,18114,18124,18143,18145,18165,18188,18207,18209,18214,18218,18221,18251,18304,18305,18313,18321,18327,18333,18334,18348,18377,18380,18394,18458,18464,18473,18496,18510,18514,18522,18526,18577,18578,18579,18588,18612,18614,18618,18635,18641,18646,18648,18660,18671,18701,18727,18731,18732,18768,18815,18829,18831,18833,18853,18870,18875,18909,18917,18947,18954,18962,18984,19019,19044,19053,19058,19060,19082,19099,19107,19109,19116,19133,19156,19157,19166,19175,19191,19203,19245,19260,19276,19278,19302,19303,19309,19310,19316,19332,19343,19359,19364,19369,19372,19373,19379,19419,19442,19498,19500,19503,19577,19594,19601,19604,19606,19617,19627,19632,19651,19658,19678,19681,19685,19688,19696,19713,19718,19737,19738,19751,19771,19775,19781,19789,19805,19806,19814,19833,19892,19897,19901,19902,19914,19932,19934,19977,20025,20035,20068,20115,20125,20192,20212,20219,20224,20237,20284,20291,20296,20305,20331,20332,20339,20341,20348,20367,20377,20382,20384,20401,20408,20413,20427,20428,20455,20483,20494,20497,20512,20527,20532,20538,20556,20563,20568,20570,20611,20627,20631,20661,20667,20674,20740,20762,20766,20770,20772,20781,20791,20799,20813,20827,20837,20845,20862,20866,20870,20900,20904,20906,20923,20928,20934,20940,20958,20966,21001,21028,21037,21048,21051,21056,21058,21082,21091,21094,21110,21136,21143,21210,21211,21231,21235,21239,21242,21255,21266,21279,21289,21304,21311,21312,21317,21324,21329,21341,21350,21378,21389,21396,21401,21417,21418,21426,21432,21436,21453,21470,21482,21483,21496,21511,21517,21528,21566,21577,21590,21629,21646,21659,21670,21676,21697,21711,21723,21725,21733,21734,21741,21747,21749,21757,21784,21807,21839,21848,21853,21876,21885,21888,21891,21899,21903,21907,21924,21926,21927,21929,22001,22020,22029,22037,22093,22123,22129,22136,22144,22150,22159,22184,22221,22224,22238,22240,22244,22269,22289,22290,22318,22345,22349,22376,22401,22404,22418,22423,22451,22462,22463,22469,22475,22476,22488,22490,22499,22501,22525,22526,22545,22559,22570,22581,22583,22585,22592,22598,22610,22658,22663,22670,22685,22721,22723,22724,22733,22734,22752,22769,22770,22783,22791,22801,22802,22807,22812,22863,22874,22879,22900,22924,22960,22981,22990,22997,23004,23018,23027,23028,23029,23032,23034,23063,23076,23077,23083,23124,23127,23132,23149,23214,23218,23238,23269,23277,23302,23333,23349,23357,23371,23380,23400,23402,23448,23449,23470,23476,23484,23490,23524,23541,23554,23577,23580,23583,23593,23604,23645,23649,23654,23670,23705,23711,23731,23733,23740,23742,23753,23775,23783,23802,23811,23844,23846,23862,23903,23955,23965,23975,23989,23998,24008,24014,24023,24024,24027,24035,24062,24074,24079,24087,24109,24123,24134,24164,24165,24191,24194,24201,24204,24214,24229,24248,24282,24283,24295,24326,24327,24341,24350,24369,24380,24387,24390,24393,24423,24448,24470,24493,24500,24514,24560,24570,24584,24629,24647,24665,24714,24737,24748,24763,24805,24825,24832,24851,24867,24870,24878,24926,24933,24940,24946,24948,24949,24952,24959,24966,24988,24996,25029,25047,25136,25141,25145,25147,25175,25178,25197,25204,25209,25233,25239,25253,25263,25268,25269,25279,25280,25289,25319,25350,25360,25364,25412,25426,25450,25453,25464,25474,25481,25487,25522,25547,25554,25555,25575,25586,25615,25628,25638,25671,25676,25677,25705,25742,25795,25811,25815,25830,25832,25836,25846,25850,25863,25880,25886,25891,25898,25916,25942,25949,25961,25988,26002,26016,26070,26071,26085,26105,26113,26135,26148,26162,26168,26170,26178,26182,26210,26243,26291,26294,26317,26324,26342,26367,26372,26382,26388,26415,26421,26435,26439,26445,26469,26509,26519,26570,26582,26587,26615,26629,26644,26658,26690,26715,26731,26760,26761,26763,26766,26786,26853,26855,26874,26880,26904,26907,26910,26911,26929,26937,26950,26951,26972,26975,27000,27013,27028,27035,27064,27083,27113,27142,27149,27192,27197,27213,27221,27237,27284,27292,27297,27307,27312,27322,27335,27338,27345,27349,27373,27379,27410,27418,27419,27431,27450,27469,27477,27482,27485,27539,27557,27575,27579,27609,27619,27625,27627,27635,27656,27671,27684,27738,27754'
2025-02-18 13:06:57,078 - INFO - Prediction: [[0.12733348 0.11774755 0.15434848]]
2025-02-18 13:06:57,078 - INFO - Sending response: at_least_one=0.12733347713947296 at_least_two=0.11774755269289017 at_least_three=0.1543484777212143
2025-02-18 14:58:55,274 - INFO - Starting up the server...
2025-02-18 14:58:55,354 - ERROR - Failed to load the model: No module named 'xgboost'
Traceback (most recent call last):
  File "D:\AI LL\VK_LL_2025-feature_main\server\server.py", line 24, in lifespan
    app.state.model = joblib.load("resources\model.pkl")
  File "C:\Users\timur\AppData\Local\Packages\PythonSoftwareFoundation.Python.3.10_qbz5n2kfra8p0\LocalCache\local-packages\Python310\site-packages\joblib\numpy_pickle.py", line 658, in load
    obj = _unpickle(fobj, filename, mmap_mode)
  File "C:\Users\timur\AppData\Local\Packages\PythonSoftwareFoundation.Python.3.10_qbz5n2kfra8p0\LocalCache\local-packages\Python310\site-packages\joblib\numpy_pickle.py", line 577, in _unpickle
    obj = unpickler.load()
  File "C:\Program Files\WindowsApps\PythonSoftwareFoundation.Python.3.10_3.10.3056.0_x64__qbz5n2kfra8p0\lib\pickle.py", line 1213, in load
    dispatch[key[0]](self)
  File "C:\Program Files\WindowsApps\PythonSoftwareFoundation.Python.3.10_3.10.3056.0_x64__qbz5n2kfra8p0\lib\pickle.py", line 1538, in load_stack_global
    self.append(self.find_class(module, name))
  File "C:\Program Files\WindowsApps\PythonSoftwareFoundation.Python.3.10_3.10.3056.0_x64__qbz5n2kfra8p0\lib\pickle.py", line 1580, in find_class
    __import__(module, level=0)
ModuleNotFoundError: No module named 'xgboost'
2025-02-18 14:58:56,248 - INFO - Feature extractor loaded
2025-02-18 15:07:24,305 - ERROR - Model is not loaded
2025-02-18 15:08:37,283 - INFO - Shutting down the server...
2025-02-18 15:08:42,091 - INFO - Starting up the server...
2025-02-18 15:08:42,093 - ERROR - Failed to load the model: No module named 'xgboost'
Traceback (most recent call last):
  File "D:\AI LL\VK_LL_2025-feature_main\server\server.py", line 24, in lifespan
    app.state.model = joblib.load("resources\model.pkl")
  File "C:\Users\timur\AppData\Local\Packages\PythonSoftwareFoundation.Python.3.10_qbz5n2kfra8p0\LocalCache\local-packages\Python310\site-packages\joblib\numpy_pickle.py", line 658, in load
    obj = _unpickle(fobj, filename, mmap_mode)
  File "C:\Users\timur\AppData\Local\Packages\PythonSoftwareFoundation.Python.3.10_qbz5n2kfra8p0\LocalCache\local-packages\Python310\site-packages\joblib\numpy_pickle.py", line 577, in _unpickle
    obj = unpickler.load()
  File "C:\Program Files\WindowsApps\PythonSoftwareFoundation.Python.3.10_3.10.3056.0_x64__qbz5n2kfra8p0\lib\pickle.py", line 1213, in load
    dispatch[key[0]](self)
  File "C:\Program Files\WindowsApps\PythonSoftwareFoundation.Python.3.10_3.10.3056.0_x64__qbz5n2kfra8p0\lib\pickle.py", line 1538, in load_stack_global
    self.append(self.find_class(module, name))
  File "C:\Program Files\WindowsApps\PythonSoftwareFoundation.Python.3.10_3.10.3056.0_x64__qbz5n2kfra8p0\lib\pickle.py", line 1580, in find_class
    __import__(module, level=0)
ModuleNotFoundError: No module named 'xgboost'
2025-02-18 15:08:42,788 - INFO - Feature extractor loaded
2025-02-18 15:09:35,505 - INFO - Shutting down the server...
2025-02-18 15:09:41,478 - INFO - Starting up the server...
2025-02-18 15:09:41,481 - ERROR - Failed to load the model: No module named 'xgboost'
Traceback (most recent call last):
  File "D:\AI LL\VK_LL_2025-feature_main\server\server.py", line 24, in lifespan
    app.state.model = joblib.load("resources\model.pkl")
  File "C:\Users\timur\AppData\Local\Packages\PythonSoftwareFoundation.Python.3.10_qbz5n2kfra8p0\LocalCache\local-packages\Python310\site-packages\joblib\numpy_pickle.py", line 658, in load
    obj = _unpickle(fobj, filename, mmap_mode)
  File "C:\Users\timur\AppData\Local\Packages\PythonSoftwareFoundation.Python.3.10_qbz5n2kfra8p0\LocalCache\local-packages\Python310\site-packages\joblib\numpy_pickle.py", line 577, in _unpickle
    obj = unpickler.load()
  File "C:\Program Files\WindowsApps\PythonSoftwareFoundation.Python.3.10_3.10.3056.0_x64__qbz5n2kfra8p0\lib\pickle.py", line 1213, in load
    dispatch[key[0]](self)
  File "C:\Program Files\WindowsApps\PythonSoftwareFoundation.Python.3.10_3.10.3056.0_x64__qbz5n2kfra8p0\lib\pickle.py", line 1538, in load_stack_global
    self.append(self.find_class(module, name))
  File "C:\Program Files\WindowsApps\PythonSoftwareFoundation.Python.3.10_3.10.3056.0_x64__qbz5n2kfra8p0\lib\pickle.py", line 1580, in find_class
    __import__(module, level=0)
ModuleNotFoundError: No module named 'xgboost'
2025-02-18 15:09:42,135 - INFO - Feature extractor loaded
2025-02-18 15:11:26,659 - ERROR - Model is not loaded
2025-02-18 15:11:42,416 - ERROR - Model is not loaded
2025-02-18 15:16:46,408 - INFO - Shutting down the server...
2025-02-18 15:17:50,752 - INFO - Starting up the server...
2025-02-18 15:17:50,755 - ERROR - Failed to load the model: No module named 'xgboost'
Traceback (most recent call last):
  File "D:\AI LL\VK_LL_2025-feature_main\server\server.py", line 24, in lifespan
    app.state.model = joblib.load("resources\model.pkl")
  File "C:\Users\timur\AppData\Local\Packages\PythonSoftwareFoundation.Python.3.10_qbz5n2kfra8p0\LocalCache\local-packages\Python310\site-packages\joblib\numpy_pickle.py", line 658, in load
    obj = _unpickle(fobj, filename, mmap_mode)
  File "C:\Users\timur\AppData\Local\Packages\PythonSoftwareFoundation.Python.3.10_qbz5n2kfra8p0\LocalCache\local-packages\Python310\site-packages\joblib\numpy_pickle.py", line 577, in _unpickle
    obj = unpickler.load()
  File "C:\Program Files\WindowsApps\PythonSoftwareFoundation.Python.3.10_3.10.3056.0_x64__qbz5n2kfra8p0\lib\pickle.py", line 1213, in load
    dispatch[key[0]](self)
  File "C:\Program Files\WindowsApps\PythonSoftwareFoundation.Python.3.10_3.10.3056.0_x64__qbz5n2kfra8p0\lib\pickle.py", line 1538, in load_stack_global
    self.append(self.find_class(module, name))
  File "C:\Program Files\WindowsApps\PythonSoftwareFoundation.Python.3.10_3.10.3056.0_x64__qbz5n2kfra8p0\lib\pickle.py", line 1580, in find_class
    __import__(module, level=0)
ModuleNotFoundError: No module named 'xgboost'
2025-02-18 15:17:51,602 - INFO - Feature extractor loaded
2025-02-18 15:18:10,239 - ERROR - Model is not loaded
2025-02-18 15:18:51,398 - INFO - Shutting down the server...
2025-02-18 15:19:34,889 - INFO - Starting up the server...
2025-02-18 15:19:34,893 - ERROR - Failed to load the model: No module named 'xgboost'
Traceback (most recent call last):
  File "D:\AI LL\VK_LL_2025-feature_main\server\server.py", line 24, in lifespan
    app.state.model = joblib.load("resources\model.pkl")
  File "C:\Users\timur\AppData\Local\Packages\PythonSoftwareFoundation.Python.3.10_qbz5n2kfra8p0\LocalCache\local-packages\Python310\site-packages\joblib\numpy_pickle.py", line 658, in load
    obj = _unpickle(fobj, filename, mmap_mode)
  File "C:\Users\timur\AppData\Local\Packages\PythonSoftwareFoundation.Python.3.10_qbz5n2kfra8p0\LocalCache\local-packages\Python310\site-packages\joblib\numpy_pickle.py", line 577, in _unpickle
    obj = unpickler.load()
  File "C:\Program Files\WindowsApps\PythonSoftwareFoundation.Python.3.10_3.10.3056.0_x64__qbz5n2kfra8p0\lib\pickle.py", line 1213, in load
    dispatch[key[0]](self)
  File "C:\Program Files\WindowsApps\PythonSoftwareFoundation.Python.3.10_3.10.3056.0_x64__qbz5n2kfra8p0\lib\pickle.py", line 1538, in load_stack_global
    self.append(self.find_class(module, name))
  File "C:\Program Files\WindowsApps\PythonSoftwareFoundation.Python.3.10_3.10.3056.0_x64__qbz5n2kfra8p0\lib\pickle.py", line 1580, in find_class
    __import__(module, level=0)
ModuleNotFoundError: No module named 'xgboost'
2025-02-18 15:19:35,593 - INFO - Feature extractor loaded
2025-02-18 15:19:39,002 - ERROR - Model is not loaded
2025-02-18 15:20:24,170 - INFO - Shutting down the server...
